<?xml version="1.0" encoding="UTF-8"?>
<testsuite xmlns:xsi="http://www.w3.org/2001/XMLSchema-instance" xsi:noNamespaceSchemaLocation="https://maven.apache.org/surefire/maven-surefire-plugin/xsd/surefire-test-report.xsd" name="TestSuite" time="13.816" tests="2" errors="0" skipped="0" failures="2">
  <properties>
[...]
</properties>
  <testcase name="submitForm" classname="tests.toolsqaTest" time="1.848">
    <failure message="Cannot invoke &quot;java.lang.CharSequence.codePoints()&quot; because &quot;key&quot; is null" type="java.lang.NullPointerException">java.lang.NullPointerException: Cannot invoke "java.lang.CharSequence.codePoints()" because "key" is null
	at tests.toolsqaTest.submitForm(toolsqaTest.java:55)
</failure>
    <system-out><![CDATA[listener before class
2021-10-24 13:39:54 INFO  DriverFactory:83 - Driver for Chrome initialized.
2021-10-24 13:39:59 INFO  toolsqaTest:46 - URL is entered in broswer
class name: toolsqaTest with instance id :ChromeDriver: chrome on WINDOWS (8cec0c306010f137234544233b2c153a)
record=1
2021-10-24 13:39:59 DEBUG PropertiesConfiguration:588 - FileName set to src/main/java/config/AppConfig.properties
2021-10-24 13:39:59 DEBUG ConfigurationUtils:449 - ConfigurationUtils.locate(): base is null, name is src/main/java/config/AppConfig.properties
2021-10-24 13:39:59 DEBUG DefaultFileSystem:281 - Could not locate file src/main/java/config/AppConfig.properties at null: no protocol: src/main/java/config/AppConfig.properties
2021-10-24 13:39:59 DEBUG ConfigurationUtils:493 - Loading configuration from the path src\main\java\config\AppConfig.properties
2021-10-24 13:39:59 DEBUG PropertiesConfiguration:626 - Base path set to file:///C:/Users/mukul/eclipse-workspace/toolsqa/src/main/java/config/AppConfig.properties
2021-10-24 13:39:59 INFO  toolsqaTest:52 - submitForm() test started
1
]]></system-out>
    <system-err><![CDATA[SLF4J: Failed to load class "org.slf4j.impl.StaticLoggerBinder".
SLF4J: Defaulting to no-operation (NOP) logger implementation
SLF4J: See http://www.slf4j.org/codes.html#StaticLoggerBinder for further details.
Starting ChromeDriver 94.0.4606.61 (418b78f5838ed0b1c69bb4e51ea0252171854915-refs/branch-heads/4606@{#1204}) on port 22746
Only local connections are allowed.
Please see https://chromedriver.chromium.org/security-considerations for suggestions on keeping ChromeDriver safe.
ChromeDriver was started successfully.
Oct 24, 2021 1:39:54 PM org.openqa.selenium.remote.ProtocolHandshake createSession
INFO: Detected dialect: W3C
]]></system-err>
  </testcase>
  <testcase name="submitForm" classname="tests.toolsqaTest" time="1.067">
    <failure message="Cannot invoke &quot;java.lang.CharSequence.codePoints()&quot; because &quot;key&quot; is null" type="java.lang.NullPointerException">java.lang.NullPointerException: Cannot invoke "java.lang.CharSequence.codePoints()" because "key" is null
	at tests.toolsqaTest.submitForm(toolsqaTest.java:55)
</failure>
    <system-out><![CDATA[ChromeDriver: chrome on WINDOWS (8cec0c306010f137234544233b2c153a)
***Placed screen shot in C:\Users\mukul\eclipse-workspace\toolsqa/Extent Reports/Failure Screenshots/***
2021-10-24 13:40:01 DEBUG PropertiesConfiguration:588 - FileName set to src/main/java/config/AppConfig.properties
2021-10-24 13:40:01 DEBUG ConfigurationUtils:449 - ConfigurationUtils.locate(): base is null, name is src/main/java/config/AppConfig.properties
2021-10-24 13:40:01 DEBUG DefaultFileSystem:281 - Could not locate file src/main/java/config/AppConfig.properties at null: no protocol: src/main/java/config/AppConfig.properties
2021-10-24 13:40:01 DEBUG ConfigurationUtils:493 - Loading configuration from the path src\main\java\config\AppConfig.properties
2021-10-24 13:40:01 DEBUG PropertiesConfiguration:626 - Base path set to file:///C:/Users/mukul/eclipse-workspace/toolsqa/src/main/java/config/AppConfig.properties
class name: toolsqaTest with instance id :ChromeDriver: chrome on WINDOWS (8cec0c306010f137234544233b2c153a)
record=2
2021-10-24 13:40:02 DEBUG PropertiesConfiguration:588 - FileName set to src/main/java/config/AppConfig.properties
2021-10-24 13:40:02 DEBUG ConfigurationUtils:449 - ConfigurationUtils.locate(): base is null, name is src/main/java/config/AppConfig.properties
2021-10-24 13:40:02 DEBUG DefaultFileSystem:281 - Could not locate file src/main/java/config/AppConfig.properties at null: no protocol: src/main/java/config/AppConfig.properties
2021-10-24 13:40:02 DEBUG ConfigurationUtils:493 - Loading configuration from the path src\main\java\config\AppConfig.properties
2021-10-24 13:40:02 DEBUG PropertiesConfiguration:626 - Base path set to file:///C:/Users/mukul/eclipse-workspace/toolsqa/src/main/java/config/AppConfig.properties
2021-10-24 13:40:02 INFO  toolsqaTest:52 - submitForm() test started
2
]]></system-out>
  </testcase>
</testsuite>